This is pdfTeX, Version 3.14159265-2.6-1.40.20 (TeX Live 2019/Debian) (preloaded format=pdflatex 2020.7.15)  23 OCT 2020 11:55
entering extended mode
 restricted \write18 enabled.
 %&-line parsing enabled.
**\nonstopmode\input rapport.tex
(./rapport.tex (/usr/share/texlive/texmf-dist/tex/latex/base/article.cls
Document Class: article 2019/12/20 v1.4l Standard LaTeX document class
(/usr/share/texlive/texmf-dist/tex/latex/base/size10.clo
File: size10.clo 2019/12/20 v1.4l Standard LaTeX file (size option)
)
\c@part=\count167
\c@section=\count168
\c@subsection=\count169
\c@subsubsection=\count170
\c@paragraph=\count171
\c@subparagraph=\count172
\c@figure=\count173
\c@table=\count174
\abovecaptionskip=\skip47
\belowcaptionskip=\skip48
\bibindent=\dimen134
)
(/usr/share/texlive/texmf-dist/tex/latex/base/inputenc.sty
Package: inputenc 2018/08/11 v1.3c Input encoding file
\inpenc@prehook=\toks14
\inpenc@posthook=\toks15
)
(/usr/share/texlive/texmf-dist/tex/latex/base/fontenc.sty
Package: fontenc 2020/02/11 v2.0o Standard LaTeX package
)
(/usr/share/texlive/texmf-dist/tex/latex/base/textcomp.sty
Package: textcomp 2020/02/02 v2.0n Standard LaTeX package
)
(/usr/share/texlive/texmf-dist/tex/latex/mathtools/mathtools.sty
Package: mathtools 2020/01/17 v1.23 mathematical typesetting tools

(/usr/share/texlive/texmf-dist/tex/latex/graphics/keyval.sty
Package: keyval 2014/10/28 v1.15 key=value parser (DPC)
\KV@toks@=\toks16
)
(/usr/share/texlive/texmf-dist/tex/latex/tools/calc.sty
Package: calc 2017/05/25 v4.3 Infix arithmetic (KKT,FJ)
\calc@Acount=\count175
\calc@Bcount=\count176
\calc@Adimen=\dimen135
\calc@Bdimen=\dimen136
\calc@Askip=\skip49
\calc@Bskip=\skip50
LaTeX Info: Redefining \setlength on input line 80.
LaTeX Info: Redefining \addtolength on input line 81.
\calc@Ccount=\count177
\calc@Cskip=\skip51
)
(/usr/share/texlive/texmf-dist/tex/latex/mathtools/mhsetup.sty
Package: mhsetup 2017/03/31 v1.3 programming setup (MH)
)
(/usr/share/texlive/texmf-dist/tex/latex/amsmath/amsmath.sty
Package: amsmath 2020/01/20 v2.17e AMS math features
\@mathmargin=\skip52

For additional information on amsmath, use the `?' option.
(/usr/share/texlive/texmf-dist/tex/latex/amsmath/amstext.sty
Package: amstext 2000/06/29 v2.01 AMS text

(/usr/share/texlive/texmf-dist/tex/latex/amsmath/amsgen.sty
File: amsgen.sty 1999/11/30 v2.0 generic functions
\@emptytoks=\toks17
\ex@=\dimen137
))
(/usr/share/texlive/texmf-dist/tex/latex/amsmath/amsbsy.sty
Package: amsbsy 1999/11/29 v1.2d Bold Symbols
\pmbraise@=\dimen138
)
(/usr/share/texlive/texmf-dist/tex/latex/amsmath/amsopn.sty
Package: amsopn 2016/03/08 v2.02 operator names
)
\inf@bad=\count178
LaTeX Info: Redefining \frac on input line 227.
\uproot@=\count179
\leftroot@=\count180
LaTeX Info: Redefining \overline on input line 389.
\classnum@=\count181
\DOTSCASE@=\count182
LaTeX Info: Redefining \ldots on input line 486.
LaTeX Info: Redefining \dots on input line 489.
LaTeX Info: Redefining \cdots on input line 610.
\Mathstrutbox@=\box45
\strutbox@=\box46
\big@size=\dimen139
LaTeX Font Info:    Redeclaring font encoding OML on input line 733.
LaTeX Font Info:    Redeclaring font encoding OMS on input line 734.
\macc@depth=\count183
\c@MaxMatrixCols=\count184
\dotsspace@=\muskip16
\c@parentequation=\count185
\dspbrk@lvl=\count186
\tag@help=\toks18
\row@=\count187
\column@=\count188
\maxfields@=\count189
\andhelp@=\toks19
\eqnshift@=\dimen140
\alignsep@=\dimen141
\tagshift@=\dimen142
\tagwidth@=\dimen143
\totwidth@=\dimen144
\lineht@=\dimen145
\@envbody=\toks20
\multlinegap=\skip53
\multlinetaggap=\skip54
\mathdisplay@stack=\toks21
LaTeX Info: Redefining \[ on input line 2859.
LaTeX Info: Redefining \] on input line 2860.
)
LaTeX Info: Thecontrolsequence`\('isalreadyrobust on input line 129.
LaTeX Info: Thecontrolsequence`\)'isalreadyrobust on input line 129.
LaTeX Info: Thecontrolsequence`\['isalreadyrobust on input line 129.
LaTeX Info: Thecontrolsequence`\]'isalreadyrobust on input line 129.
\g_MT_multlinerow_int=\count190
\l_MT_multwidth_dim=\dimen146
\origjot=\skip55
\l_MT_shortvdotswithinadjustabove_dim=\dimen147
\l_MT_shortvdotswithinadjustbelow_dim=\dimen148
\l_MT_above_intertext_sep=\dimen149
\l_MT_below_intertext_sep=\dimen150
\l_MT_above_shortintertext_sep=\dimen151
\l_MT_below_shortintertext_sep=\dimen152
)
(/usr/share/texlive/texmf-dist/tex/latex/amsfonts/amssymb.sty
Package: amssymb 2013/01/14 v3.01 AMS font symbols

(/usr/share/texlive/texmf-dist/tex/latex/amsfonts/amsfonts.sty
Package: amsfonts 2013/01/14 v3.01 Basic AMSFonts support
\symAMSa=\mathgroup4
\symAMSb=\mathgroup5
LaTeX Font Info:    Redeclaring math symbol \hbar on input line 98.
LaTeX Font Info:    Overwriting math alphabet `\mathfrak' in version `bold'
(Font)                  U/euf/m/n --> U/euf/b/n on input line 106.
))
(/usr/share/texlive/texmf-dist/tex/latex/amscls/amsthm.sty
Package: amsthm 2017/10/31 v2.20.4
\thm@style=\toks22
\thm@bodyfont=\toks23
\thm@headfont=\toks24
\thm@notefont=\toks25
\thm@headpunct=\toks26
\thm@preskip=\skip56
\thm@postskip=\skip57
\thm@headsep=\skip58
\dth@everypar=\toks27
)
(/usr/share/texlive/texmf-dist/tex/latex/geometry/geometry.sty
Package: geometry 2020/01/02 v5.9 Page Geometry

(/usr/share/texlive/texmf-dist/tex/generic/iftex/ifvtex.sty
Package: ifvtex 2019/10/25 v1.7 ifvtex legacy package. Use iftex instead.

(/usr/share/texlive/texmf-dist/tex/generic/iftex/iftex.sty
Package: iftex 2019/11/07 v1.0c TeX engine tests
))
\Gm@cnth=\count191
\Gm@cntv=\count192
\c@Gm@tempcnt=\count193
\Gm@bindingoffset=\dimen153
\Gm@wd@mp=\dimen154
\Gm@odd@mp=\dimen155
\Gm@even@mp=\dimen156
\Gm@layoutwidth=\dimen157
\Gm@layoutheight=\dimen158
\Gm@layouthoffset=\dimen159
\Gm@layoutvoffset=\dimen160
\Gm@dimlist=\toks28
)
(/usr/share/texlive/texmf-dist/tex/generic/babel/babel.sty
Package: babel 2020/02/14 3.40 The Babel package

(/usr/share/texlive/texmf-dist/tex/generic/babel/switch.def
File: switch.def 2020/02/14 3.40 Babel switching mechanism
)

! Package babel Error: Unknown option `francais'. Either you misspelled it
(babel)                or the language definition file francais.ldf was not fou
nd.

See the babel package documentation for explanation.
Type  H <return>  for immediate help.
 ...                                              
                                                  
l.542 \ProcessOptions*
                      
Valid options are: shorthands=, KeepShorthandsActive,
activeacute, activegrave, noconfigs, safe=, main=, math=
headfoot=, strings=, config=, hyphenmap=, or a language name.

Package babel Info: You haven't specified a language. I'll use 'nil'
(babel)             as the main language. Reported on input line 572.
(/usr/share/texlive/texmf-dist/tex/generic/babel/nil.ldf
Language: nil 2020/02/14 3.40 Nil language

(/usr/share/texlive/texmf-dist/tex/generic/babel/babel.def
File: babel.def 2020/02/14 3.40 Babel common definitions
\babel@savecnt=\count194
\U@D=\dimen161

(/usr/share/texlive/texmf-dist/tex/generic/babel/txtbabel.def)
\bbl@readstream=\read2
\bbl@dirlevel=\count195
)
\l@nil=\language3
))
(/usr/share/texlive/texmf-dist/tex/latex/appendix/appendix.sty
Package: appendix 2020/02/08 v1.2c extra appendix facilities
\c@@pps=\count196
\c@@ppsavesec=\count197
\c@@ppsaveapp=\count198
)
(/usr/share/texlive/texmf-dist/tex/latex/graphics/graphicx.sty
Package: graphicx 2019/11/30 v1.2a Enhanced LaTeX Graphics (DPC,SPQR)

(/usr/share/texlive/texmf-dist/tex/latex/graphics/graphics.sty
Package: graphics 2019/11/30 v1.4a Standard LaTeX Graphics (DPC,SPQR)

(/usr/share/texlive/texmf-dist/tex/latex/graphics/trig.sty
Package: trig 2016/01/03 v1.10 sin cos tan (DPC)
)
(/usr/share/texlive/texmf-dist/tex/latex/graphics-cfg/graphics.cfg
File: graphics.cfg 2016/06/04 v1.11 sample graphics configuration
)
Package graphics Info: Driver file: pdftex.def on input line 105.

(/usr/share/texlive/texmf-dist/tex/latex/graphics-def/pdftex.def
File: pdftex.def 2018/01/08 v1.0l Graphics/color driver for pdftex
))
\Gin@req@height=\dimen162
\Gin@req@width=\dimen163
)
(/usr/share/texlive/texmf-dist/tex/latex/fancyhdr/fancyhdr.sty
Package: fancyhdr 2019/01/31 v3.10 Extensive control of page headers and footer
s
\f@nch@headwidth=\skip59
\f@nch@O@elh=\skip60
\f@nch@O@erh=\skip61
\f@nch@O@olh=\skip62
\f@nch@O@orh=\skip63
\f@nch@O@elf=\skip64
\f@nch@O@erf=\skip65
\f@nch@O@olf=\skip66
\f@nch@O@orf=\skip67
)
(/usr/share/texlive/texmf-dist/tex/latex/tools/verbatim.sty
Package: verbatim 2019/11/10 v1.5r LaTeX2e package for verbatim enhancements
\every@verbatim=\toks29
\verbatim@line=\toks30
\verbatim@in@stream=\read3
)
(/usr/share/texlive/texmf-dist/tex/latex/listings/listings.sty
\lst@mode=\count199
\lst@gtempboxa=\box47
\lst@token=\toks31
\lst@length=\count266
\lst@currlwidth=\dimen164
\lst@column=\count267
\lst@pos=\count268
\lst@lostspace=\dimen165
\lst@width=\dimen166
\lst@newlines=\count269
\lst@lineno=\count270
\lst@maxwidth=\dimen167

(/usr/share/texlive/texmf-dist/tex/latex/listings/lstmisc.sty
File: lstmisc.sty 2019/09/10 1.8c (Carsten Heinz)
\c@lstnumber=\count271
\lst@skipnumbers=\count272
\lst@framebox=\box48
)
(/usr/share/texlive/texmf-dist/tex/latex/listings/listings.cfg
File: listings.cfg 2019/09/10 1.8c listings configuration
))
Package: listings 2019/09/10 1.8c (Carsten Heinz)

(/usr/share/texlive/texmf-dist/tex/latex/graphics/color.sty
Package: color 2019/11/23 v1.2a Standard LaTeX Color (DPC)

(/usr/share/texlive/texmf-dist/tex/latex/graphics-cfg/color.cfg
File: color.cfg 2016/01/02 v1.6 sample color configuration
)
Package color Info: Driver file: pdftex.def on input line 147.
)
(/usr/share/texlive/texmf-dist/tex/latex/xcolor/xcolor.sty
Package: xcolor 2016/05/11 v2.12 LaTeX color extensions (UK)

(/usr/share/texlive/texmf-dist/tex/latex/graphics-cfg/color.cfg
File: color.cfg 2016/01/02 v1.6 sample color configuration
)
Package xcolor Info: Driver file: pdftex.def on input line 225.

(/usr/share/texlive/texmf-dist/tex/latex/colortbl/colortbl.sty
Package: colortbl 2020/01/04 v1.0e Color table columns (DPC)

(/usr/share/texlive/texmf-dist/tex/latex/tools/array.sty
Package: array 2019/08/31 v2.4l Tabular extension package (FMi)
\col@sep=\dimen168
\ar@mcellbox=\box49
\extrarowheight=\dimen169
\NC@list=\toks32
\extratabsurround=\skip68
\backup@length=\skip69
\ar@cellbox=\box50
)
\everycr=\toks33
\minrowclearance=\skip70
)
LaTeX Info: Redefining \color on input line 709.
\rownum=\count273
Package xcolor Info: Model `cmy' substituted by `cmy0' on input line 1348.
Package xcolor Info: Model `hsb' substituted by `rgb' on input line 1352.
Package xcolor Info: Model `RGB' extended on input line 1364.
Package xcolor Info: Model `HTML' substituted by `rgb' on input line 1366.
Package xcolor Info: Model `Hsb' substituted by `hsb' on input line 1367.
Package xcolor Info: Model `tHsb' substituted by `hsb' on input line 1368.
Package xcolor Info: Model `HSB' substituted by `hsb' on input line 1369.
Package xcolor Info: Model `Gray' substituted by `gray' on input line 1370.
Package xcolor Info: Model `wave' substituted by `hsb' on input line 1371.
)
(/usr/share/texlive/texmf-dist/tex/latex/listings/lstlang1.sty
File: lstlang1.sty 2019/09/10 1.8c listings language file
)
(/usr/share/texlive/texmf-dist/tex/latex/listings/lstmisc.sty
File: lstmisc.sty 2019/09/10 1.8c (Carsten Heinz)
)
(/usr/share/texlive/texmf-dist/tex/latex/l3backend/l3backend-pdfmode.def
File: l3backend-pdfmode.def 2020-02-03 L3 backend support: PDF mode
\l__kernel_color_stack_int=\count274
\l__pdf_internal_box=\box51
)
(./rapport.aux)
\openout1 = `rapport.aux'.

LaTeX Font Info:    Checking defaults for OML/cmm/m/it on input line 73.
LaTeX Font Info:    ... okay on input line 73.
LaTeX Font Info:    Checking defaults for OMS/cmsy/m/n on input line 73.
LaTeX Font Info:    ... okay on input line 73.
LaTeX Font Info:    Checking defaults for OT1/cmr/m/n on input line 73.
LaTeX Font Info:    ... okay on input line 73.
LaTeX Font Info:    Checking defaults for T1/cmr/m/n on input line 73.
LaTeX Font Info:    ... okay on input line 73.
LaTeX Font Info:    Checking defaults for TS1/cmr/m/n on input line 73.
LaTeX Font Info:    ... okay on input line 73.
LaTeX Font Info:    Checking defaults for OMX/cmex/m/n on input line 73.
LaTeX Font Info:    ... okay on input line 73.
LaTeX Font Info:    Checking defaults for U/cmr/m/n on input line 73.
LaTeX Font Info:    ... okay on input line 73.

*geometry* driver: auto-detecting
*geometry* detected driver: pdftex
*geometry* verbose mode - [ preamble ] result:
* driver: pdftex
* paper: a4paper
* layout: <same size as paper>
* layoutoffset:(h,v)=(0.0pt,0.0pt)
* modes: 
* h-part:(L,W,R)=(71.13188pt, 455.24411pt, 71.13188pt)
* v-part:(T,H,B)=(71.13188pt, 702.78308pt, 71.13188pt)
* \paperwidth=597.50787pt
* \paperheight=845.04684pt
* \textwidth=455.24411pt
* \textheight=702.78308pt
* \oddsidemargin=-1.1381pt
* \evensidemargin=-1.1381pt
* \topmargin=-38.1381pt
* \headheight=12.0pt
* \headsep=25.0pt
* \topskip=10.0pt
* \footskip=30.0pt
* \marginparwidth=57.0pt
* \marginparsep=11.0pt
* \columnsep=10.0pt
* \skip\footins=9.0pt plus 4.0pt minus 2.0pt
* \hoffset=0.0pt
* \voffset=0.0pt
* \mag=1000
* \@twocolumnfalse
* \@twosidefalse
* \@mparswitchfalse
* \@reversemarginfalse
* (1in=72.27pt=25.4mm, 1cm=28.453pt)

(/usr/share/texlive/texmf-dist/tex/context/base/mkii/supp-pdf.mkii
[Loading MPS to PDF converter (version 2006.09.02).]
\scratchcounter=\count275
\scratchdimen=\dimen170
\scratchbox=\box52
\nofMPsegments=\count276
\nofMParguments=\count277
\everyMPshowfont=\toks34
\MPscratchCnt=\count278
\MPscratchDim=\dimen171
\MPnumerator=\count279
\makeMPintoPDFobject=\count280
\everyMPtoPDFconversion=\toks35
) (/usr/share/texlive/texmf-dist/tex/latex/epstopdf-pkg/epstopdf-base.sty
Package: epstopdf-base 2020-01-24 v2.11 Base part for package epstopdf
Package epstopdf-base Info: Redefining graphics rule for `.eps' on input line 4
85.

(/usr/share/texlive/texmf-dist/tex/latex/latexconfig/epstopdf-sys.cfg
File: epstopdf-sys.cfg 2010/07/13 v1.3 Configuration of (r)epstopdf for TeX Liv
e
))
\c@lstlisting=\count281
<./img/logo.png, id=1, 1204.5pt x 180.675pt>
File: ./img/logo.png Graphic file (type png)
<use ./img/logo.png>
Package pdftex.def Info: ./img/logo.png  used on input line 81.
(pdftex.def)             Requested size: 361.35278pt x 54.20291pt.


! LaTeX Error: There's no line here to end.

See the LaTeX manual or LaTeX Companion for explanation.
Type  H <return>  for immediate help.
 ...                                              
                                                  
l.85     \\
           [1.5cm]
Your command was ignored.
Type  I <command> <return>  to replace it with another command,
or  <return>  to continue without it.

<./img/cormen.jpg, id=3, 1541.76pt x 1742.51pt>
File: ./img/cormen.jpg Graphic file (type jpg)
<use ./img/cormen.jpg>
Package pdftex.def Info: ./img/cormen.jpg  used on input line 92.
(pdftex.def)             Requested size: 308.34654pt x 348.49583pt.
LaTeX Font Info:    Trying to load font information for U+msa on input line 101
.
(/usr/share/texlive/texmf-dist/tex/latex/amsfonts/umsa.fd
File: umsa.fd 2013/01/14 v3.01 AMS symbols A
)
LaTeX Font Info:    Trying to load font information for U+msb on input line 101
.

(/usr/share/texlive/texmf-dist/tex/latex/amsfonts/umsb.fd
File: umsb.fd 2013/01/14 v3.01 AMS symbols B
) [1

{/var/lib/texmf/fonts/map/pdftex/updmap/pdftex.map} <./img/logo.png> <./img/cor
men.jpg>]
(./rapport.toc)
\tf@toc=\write3
\openout3 = `rapport.toc'.

<./img/prepisima.png, id=16, 1132.23pt x 265.99374pt>
File: ./img/prepisima.png Graphic file (type png)
<use ./img/prepisima.png>
Package pdftex.def Info: ./img/prepisima.png  used on input line 118.
(pdftex.def)             Requested size: 56.6148pt x 13.30046pt.


Package Fancyhdr Warning: \headheight is too small (12.0pt): 
Make it at least 16.9005pt.
We now make it that large for the rest of the document.
This may cause the page layout to be inconsistent, however.

[1

 <./img/prepisima.png>]
LaTeX Font Info:    Trying to load font information for T1+cmtt on input line 1
48.

(/usr/share/texlive/texmf-dist/tex/latex/base/t1cmtt.fd
File: t1cmtt.fd 2019/12/16 v2.5j Standard LaTeX font definitions
)
Underfull \hbox (badness 10000) in paragraph at lines 180--182

 []

File: ./img/prepisima.png Graphic file (type png)
<use ./img/prepisima.png>
Package pdftex.def Info: ./img/prepisima.png  used on input line 188.
(pdftex.def)             Requested size: 56.6148pt x 13.30046pt.
[2

]
File: ./img/prepisima.png Graphic file (type png)
<use ./img/prepisima.png>
Package pdftex.def Info: ./img/prepisima.png  used on input line 246.
(pdftex.def)             Requested size: 56.6148pt x 13.30046pt.
 [3

]
Underfull \hbox (badness 10000) in paragraph at lines 274--275

 []


Underfull \hbox (badness 10000) in paragraph at lines 283--288

 []


Underfull \hbox (badness 10000) in paragraph at lines 283--288

 []

<./img/gauss/TestDingDong.png, id=47, 503.8825pt x 271.0125pt>
File: ./img/gauss/TestDingDong.png Graphic file (type png)
<use ./img/gauss/TestDingDong.png>
Package pdftex.def Info: ./img/gauss/TestDingDong.png  used on input line 289.
(pdftex.def)             Requested size: 251.94063pt x 135.5059pt.

Underfull \hbox (badness 10000) in paragraph at lines 292--299

 []

<./img/gauss/dingdong005.png, id=48, 387.4475pt x 39.14626pt>
File: ./img/gauss/dingdong005.png Graphic file (type png)
<use ./img/gauss/dingdong005.png>
Package pdftex.def Info: ./img/gauss/dingdong005.png  used on input line 300.
(pdftex.def)             Requested size: 193.72327pt x 19.57307pt.

Underfull \hbox (badness 10000) in paragraph at lines 303--310

 []


Underfull \hbox (badness 10000) in paragraph at lines 303--310

 []


Underfull \hbox (badness 10000) in paragraph at lines 303--310

 []

File: ./img/prepisima.png Graphic file (type png)
<use ./img/prepisima.png>
Package pdftex.def Info: ./img/prepisima.png  used on input line 310.
(pdftex.def)             Requested size: 56.6148pt x 13.30046pt.
[4

 <./img/gauss/TestDingDong.png> <./img/gauss/dingdong005.png>]
<./img/gauss/TestMoler.png, id=54, 491.8375pt x 274.02374pt>
File: ./img/gauss/TestMoler.png Graphic file (type png)
<use ./img/gauss/TestMoler.png>
Package pdftex.def Info: ./img/gauss/TestMoler.png  used on input line 311.
(pdftex.def)             Requested size: 245.91814pt x 137.01154pt.

Underfull \hbox (badness 10000) in paragraph at lines 314--321

 []

<./img/gauss/moler005.png, id=55, 409.53pt x 42.1575pt>
File: ./img/gauss/moler005.png Graphic file (type png)
<use ./img/gauss/moler005.png>
Package pdftex.def Info: ./img/gauss/moler005.png  used on input line 322.
(pdftex.def)             Requested size: 204.7645pt x 21.07869pt.

Underfull \hbox (badness 10000) in paragraph at lines 325--331

 []


Underfull \hbox (badness 10000) in paragraph at lines 325--331

 []


Underfull \hbox (badness 10000) in paragraph at lines 325--331

 []

<./img/gauss/TestFranc.png, id=56, 483.8075pt x 271.0125pt>
File: ./img/gauss/TestFranc.png Graphic file (type png)
<use ./img/gauss/TestFranc.png>
Package pdftex.def Info: ./img/gauss/TestFranc.png  used on input line 332.
(pdftex.def)             Requested size: 241.90315pt x 135.5059pt.

Underfull \hbox (badness 10000) in paragraph at lines 335--342

 []

<./img/gauss/franc005.png, id=57, 398.48875pt x 39.14626pt>
File: ./img/gauss/franc005.png Graphic file (type png)
<use ./img/gauss/franc005.png>
Package pdftex.def Info: ./img/gauss/franc005.png  used on input line 343.
(pdftex.def)             Requested size: 199.24388pt x 19.57307pt.
File: ./img/prepisima.png Graphic file (type png)
<use ./img/prepisima.png>
Package pdftex.def Info: ./img/prepisima.png  used on input line 349.
(pdftex.def)             Requested size: 56.6148pt x 13.30046pt.
[5 <./img/gauss/TestMoler.png> <./img/gauss/moler005.png> <./img/gauss/TestFran
c.png> <./img/gauss/franc005.png>]
File: ./img/prepisima.png Graphic file (type png)
<use ./img/prepisima.png>
Package pdftex.def Info: ./img/prepisima.png  used on input line 404.
(pdftex.def)             Requested size: 56.6148pt x 13.30046pt.
 [6

]

! Package inputenc Error: Invalid UTF-8 byte sequence.

See the inputenc package documentation for explanation.
Type  H <return>  for immediate help.
 ...                                              
                                                  
l.426       printf("La matrice n'est pas d√©finie 
                                                  positive\n");
The document does not appear to be in UTF-8 encoding.
Try adding \UseRawInputEncoding as the first line of the file
or specify an encoding such as \usepackage [latin1]{inputenc}
in the document preamble.
Alternatively, save the file in UTF-8 using your editor or another tool


! Package inputenc Error: Invalid UTF-8 byte "A9.

See the inputenc package documentation for explanation.
Type  H <return>  for immediate help.
 ...                                              
                                                  
l.426       printf("La matrice n'est pas d√©finie 
                                                  positive\n");
The document does not appear to be in UTF-8 encoding.
Try adding \UseRawInputEncoding as the first line of the file
or specify an encoding such as \usepackage [latin1]{inputenc}
in the document preamble.
Alternatively, save the file in UTF-8 using your editor or another tool

File: ./img/prepisima.png Graphic file (type png)
<use ./img/prepisima.png>
Package pdftex.def Info: ./img/prepisima.png  used on input line 482.
(pdftex.def)             Requested size: 56.6148pt x 13.30046pt.
[7

]
Underfull \hbox (badness 10000) in paragraph at lines 505--506

 []

! Missing $ inserted.
<inserted text> 
                $
l.507 \begin{vmatrix}
                     
I've inserted a begin-math/end-math symbol since I think
you left one out. Proceed, with fingers crossed.

! Missing $ inserted.
<inserted text> 
                $
l.512 \end{vmatrix}
                   \\
I've inserted something that you may have forgotten.
(See the <inserted text> above.)
With luck, this will get me unwedged. But if you
really didn't forget anything, try typing `2' now; then
my insertion and my current dilemma will both disappear.


Underfull \hbox (badness 10000) in paragraph at lines 507--513

 []


Underfull \hbox (badness 10000) in paragraph at lines 518--519

 []

<./img/cholesky/bord.png, id=78, 365.365pt x 192.72pt>
File: ./img/cholesky/bord.png Graphic file (type png)
<use ./img/cholesky/bord.png>
Package pdftex.def Info: ./img/cholesky/bord.png  used on input line 528.
(pdftex.def)             Requested size: 182.68205pt x 96.35976pt.
<./img/cholesky/ding_dong.png, id=79, 387.4475pt x 96.36pt>
File: ./img/cholesky/ding_dong.png Graphic file (type png)
<use ./img/cholesky/ding_dong.png>
Package pdftex.def Info: ./img/cholesky/ding_dong.png  used on input line 533.
(pdftex.def)             Requested size: 193.72327pt x 48.17987pt.
<./img/cholesky/chocho_test_final.png, id=80, 300.12125pt x 155.58125pt>
File: ./img/cholesky/chocho_test_final.png Graphic file (type png)
<use ./img/cholesky/chocho_test_final.png>
Package pdftex.def Info: ./img/cholesky/chocho_test_final.png  used on input li
ne 537.
(pdftex.def)             Requested size: 150.06026pt x 77.79042pt.
File: ./img/prepisima.png Graphic file (type png)
<use ./img/prepisima.png>
Package pdftex.def Info: ./img/prepisima.png  used on input line 543.
(pdftex.def)             Requested size: 56.6148pt x 13.30046pt.
[8 <./img/cholesky/bord.png> <./img/cholesky/ding_dong.png>]
Underfull \hbox (badness 10000) in paragraph at lines 565--583

 []


Underfull \hbox (badness 10000) in paragraph at lines 565--583

 []

! Undefined control sequence.
l.598 \testit
             {Exemple}
The control sequence at the end of the top line
of your error message was never \def'ed. If you have
misspelled it (e.g., `\hobx'), type `I' and the correct
spelling (e.g., `I\hbox'). Otherwise just continue,
and I'll forget about whatever was undefined.

File: ./img/prepisima.png Graphic file (type png)
<use ./img/prepisima.png>
Package pdftex.def Info: ./img/prepisima.png  used on input line 627.
(pdftex.def)             Requested size: 56.6148pt x 13.30046pt.
[9 <./img/cholesky/chocho_test_final.png>]
File: ./img/prepisima.png Graphic file (type png)
<use ./img/prepisima.png>
Package pdftex.def Info: ./img/prepisima.png  used on input line 707.
(pdftex.def)             Requested size: 56.6148pt x 13.30046pt.
 [10

]
LaTeX Font Info:    Font shape `T1/cmtt/bx/n' in size <8> not available
(Font)              Font shape `T1/cmtt/m/n' tried instead on input line 725.
File: ./img/prepisima.png Graphic file (type png)
<use ./img/prepisima.png>
Package pdftex.def Info: ./img/prepisima.png  used on input line 775.
(pdftex.def)             Requested size: 56.6148pt x 13.30046pt.
 [11]
Underfull \hbox (badness 10000) in paragraph at lines 790--791

 []

<./img/jacobi/jac_ex_1.png, id=95, 363.3575pt x 192.72pt>
File: ./img/jacobi/jac_ex_1.png Graphic file (type png)
<use ./img/jacobi/jac_ex_1.png>
Package pdftex.def Info: ./img/jacobi/jac_ex_1.png  used on input line 794.
(pdftex.def)             Requested size: 181.6783pt x 96.35976pt.
<./img/gauss_seidel/g_e_ex_1.png, id=96, 364.36125pt x 192.72pt>
File: ./img/gauss_seidel/g_e_ex_1.png Graphic file (type png)
<use ./img/gauss_seidel/g_e_ex_1.png>
Package pdftex.def Info: ./img/gauss_seidel/g_e_ex_1.png  used on input line 79
8.
(pdftex.def)             Requested size: 182.18018pt x 96.35976pt.

Underfull \hbox (badness 10000) in paragraph at lines 800--805

 []


Underfull \hbox (badness 10000) in paragraph at lines 806--807

 []

<./img/jacobi/jac_ex_1_mod.png, id=97, 365.365pt x 193.72375pt>
File: ./img/jacobi/jac_ex_1_mod.png Graphic file (type png)
<use ./img/jacobi/jac_ex_1_mod.png>
Package pdftex.def Info: ./img/jacobi/jac_ex_1_mod.png  used on input line 810.

(pdftex.def)             Requested size: 182.68205pt x 96.86163pt.
<./img/gauss_seidel/g_e_ex_1_mod.png, id=98, 365.365pt x 192.72pt>
File: ./img/gauss_seidel/g_e_ex_1_mod.png Graphic file (type png)
<use ./img/gauss_seidel/g_e_ex_1_mod.png>
Package pdftex.def Info: ./img/gauss_seidel/g_e_ex_1_mod.png  used on input lin
e 814.
(pdftex.def)             Requested size: 182.68205pt x 96.35976pt.
File: ./img/prepisima.png Graphic file (type png)
<use ./img/prepisima.png>
Package pdftex.def Info: ./img/prepisima.png  used on input line 821.
(pdftex.def)             Requested size: 56.6148pt x 13.30046pt.
[12 <./img/jacobi/jac_ex_1.png> <./img/gauss_seidel/g_e_ex_1.png> <./img/jacobi
/jac_ex_1_mod.png> <./img/gauss_seidel/g_e_ex_1_mod.png>]
<./img/jacobi/jac_ex_4.png, id=103, 294.09875pt x 154.5775pt>
File: ./img/jacobi/jac_ex_4.png Graphic file (type png)
<use ./img/jacobi/jac_ex_4.png>
Package pdftex.def Info: ./img/jacobi/jac_ex_4.png  used on input line 841.
(pdftex.def)             Requested size: 147.04901pt x 77.28854pt.

Underfull \hbox (badness 10000) in paragraph at lines 841--842

 []

<./img/gauss_seidel/g_e_ex_4.png, id=104, 293.095pt x 157.58875pt>
File: ./img/gauss_seidel/g_e_ex_4.png Graphic file (type png)
<use ./img/gauss_seidel/g_e_ex_4.png>
Package pdftex.def Info: ./img/gauss_seidel/g_e_ex_4.png  used on input line 84
5.
(pdftex.def)             Requested size: 146.54713pt x 78.79417pt.

Underfull \hbox (badness 10000) in paragraph at lines 845--846

 []


Underfull \hbox (badness 10000) in paragraph at lines 852--853

 []

File: ./img/jacobi/jac_ex_1_mod.png Graphic file (type png)
<use ./img/jacobi/jac_ex_1_mod.png>
Package pdftex.def Info: ./img/jacobi/jac_ex_1_mod.png  used on input line 856.

(pdftex.def)             Requested size: 182.68205pt x 96.86163pt.
File: ./img/gauss_seidel/g_e_ex_1_mod.png Graphic file (type png)
<use ./img/gauss_seidel/g_e_ex_1_mod.png>
Package pdftex.def Info: ./img/gauss_seidel/g_e_ex_1_mod.png  used on input lin
e 860.
(pdftex.def)             Requested size: 182.68205pt x 96.35976pt.

Underfull \hbox (badness 10000) in paragraph at lines 866--869

 []

File: ./img/prepisima.png Graphic file (type png)
<use ./img/prepisima.png>
Package pdftex.def Info: ./img/prepisima.png  used on input line 870.
(pdftex.def)             Requested size: 56.6148pt x 13.30046pt.
[13 <./img/jacobi/jac_ex_4.png> <./img/gauss_seidel/g_e_ex_4.png>]
Underfull \hbox (badness 10000) in paragraph at lines 883--884

 []

<./img/jacobi/jac_fail.png, id=108, 304.13625pt x 153.57375pt>
File: ./img/jacobi/jac_fail.png Graphic file (type png)
<use ./img/jacobi/jac_fail.png>
Package pdftex.def Info: ./img/jacobi/jac_fail.png  used on input line 887.
(pdftex.def)             Requested size: 152.06775pt x 76.78668pt.
<./img/gauss_seidel/g_e_fail.png, id=109, 275.0275pt x 155.58125pt>
File: ./img/gauss_seidel/g_e_fail.png Graphic file (type png)
<use ./img/gauss_seidel/g_e_fail.png>
Package pdftex.def Info: ./img/gauss_seidel/g_e_fail.png  used on input line 89
1.
(pdftex.def)             Requested size: 137.51341pt x 77.79042pt.

Overfull \hbox (0.58119pt too wide) in paragraph at lines 893--897
[]\T1/cmr/m/n/10 Les solutions trouvÈes sont incohÈrentes, les vraies solutions
 du systËme sont: $\OML/cmm/m/it/10 x[] \OT1/cmr/m/n/10 = [] \OMS/cmsy/m/n/10 ^
^Y \OT1/cmr/m/n/10 25\OML/cmm/m/it/10 ; \OT1/cmr/m/n/10 333333333$\T1/cmr/m/n/1
0 ,
 []


Underfull \hbox (badness 10000) in paragraph at lines 901--917

 []

File: ./img/prepisima.png Graphic file (type png)
<use ./img/prepisima.png>
Package pdftex.def Info: ./img/prepisima.png  used on input line 918.
(pdftex.def)             Requested size: 56.6148pt x 13.30046pt.
[14 <./img/jacobi/jac_fail.png> <./img/gauss_seidel/g_e_fail.png>]
(./prog/gauss.c

! Package inputenc Error: Invalid UTF-8 byte sequence.

See the inputenc package documentation for explanation.
Type  H <return>  for immediate help.
 ...                                              
                                                  
l.7 ...ariables compteur du nombres d'op√©rations 
                                                  sur la matrice.
The document does not appear to be in UTF-8 encoding.
Try adding \UseRawInputEncoding as the first line of the file
or specify an encoding such as \usepackage [latin1]{inputenc}
in the document preamble.
Alternatively, save the file in UTF-8 using your editor or another tool


! Package inputenc Error: Invalid UTF-8 byte "A9.

See the inputenc package documentation for explanation.
Type  H <return>  for immediate help.
 ...                                              
                                                  
l.7 ...ariables compteur du nombres d'op√©rations 
                                                  sur la matrice.
The document does not appear to be in UTF-8 encoding.
Try adding \UseRawInputEncoding as the first line of the file
or specify an encoding such as \usepackage [latin1]{inputenc}
in the document preamble.
Alternatively, save the file in UTF-8 using your editor or another tool


Overfull \hbox (253.09398pt too wide) in paragraph at lines 8--9
[][][][] 
 []


Overfull \hbox (247.99518pt too wide) in paragraph at lines 14--15
[][][][] 
 []


! Package inputenc Error: Invalid UTF-8 byte sequence.

See the inputenc package documentation for explanation.
Type  H <return>  for immediate help.
 ...                                              
                                                  
l.61 ...du temps d'execution et de la complexit√© 
                                                  pratique.
The document does not appear to be in UTF-8 encoding.
Try adding \UseRawInputEncoding as the first line of the file
or specify an encoding such as \usepackage [latin1]{inputenc}
in the document preamble.
Alternatively, save the file in UTF-8 using your editor or another tool


! Package inputenc Error: Invalid UTF-8 byte "A9.

See the inputenc package documentation for explanation.
Type  H <return>  for immediate help.
 ...                                              
                                                  
l.61 ...du temps d'execution et de la complexit√© 
                                                  pratique.
The document does not appear to be in UTF-8 encoding.
Try adding \UseRawInputEncoding as the first line of the file
or specify an encoding such as \usepackage [latin1]{inputenc}
in the document preamble.
Alternatively, save the file in UTF-8 using your editor or another tool


! Package inputenc Error: Invalid UTF-8 byte sequence.

See the inputenc package documentation for explanation.
Type  H <return>  for immediate help.
 ...                                              
                                                  
l.64 	printf("Temps d'√©x√©cution 
                                  : %f", (Tfin - Tdep)/1000);
The document does not appear to be in UTF-8 encoding.
Try adding \UseRawInputEncoding as the first line of the file
or specify an encoding such as \usepackage [latin1]{inputenc}
in the document preamble.
Alternatively, save the file in UTF-8 using your editor or another tool


! Package inputenc Error: Invalid UTF-8 byte "A9.

See the inputenc package documentation for explanation.
Type  H <return>  for immediate help.
 ...                                              
                                                  
l.64 	printf("Temps d'√©x√©cution 
                                  : %f", (Tfin - Tdep)/1000);
The document does not appear to be in UTF-8 encoding.
Try adding \UseRawInputEncoding as the first line of the file
or specify an encoding such as \usepackage [latin1]{inputenc}
in the document preamble.
Alternatively, save the file in UTF-8 using your editor or another tool


! Package inputenc Error: Invalid UTF-8 byte sequence.

See the inputenc package documentation for explanation.
Type  H <return>  for immediate help.
 ...                                              
                                                  
l.64 	printf("Temps d'√©x√©cution 
                                  : %f", (Tfin - Tdep)/1000);
The document does not appear to be in UTF-8 encoding.
Try adding \UseRawInputEncoding as the first line of the file
or specify an encoding such as \usepackage [latin1]{inputenc}
in the document preamble.
Alternatively, save the file in UTF-8 using your editor or another tool

File: ./img/prepisima.png Graphic file (type png)
<use ./img/prepisima.png>
Package pdftex.def Info: ./img/prepisima.png  used on input line 68.
(pdftex.def)             Requested size: 56.6148pt x 13.30046pt.
[15

]
Overfull \hbox (293.88438pt too wide) in paragraph at lines 79--80
[][][][] 
 []


Overfull \hbox (247.99518pt too wide) in paragraph at lines 89--90
[][][][] 
 []


! Package inputenc Error: Invalid UTF-8 byte sequence.

See the inputenc package documentation for explanation.
Type  H <return>  for immediate help.
 ...                                              
                                                  
l.95 	// Division de chaque √©l√©ments 
                                       de la ligne q de matrice A & B: "norm...

The document does not appear to be in UTF-8 encoding.
Try adding \UseRawInputEncoding as the first line of the file
or specify an encoding such as \usepackage [latin1]{inputenc}
in the document preamble.
Alternatively, save the file in UTF-8 using your editor or another tool


! Package inputenc Error: Invalid UTF-8 byte "A9.

See the inputenc package documentation for explanation.
Type  H <return>  for immediate help.
 ...                                              
                                                  
l.95 	// Division de chaque √©l√©ments 
                                       de la ligne q de matrice A & B: "norm...

The document does not appear to be in UTF-8 encoding.
Try adding \UseRawInputEncoding as the first line of the file
or specify an encoding such as \usepackage [latin1]{inputenc}
in the document preamble.
Alternatively, save the file in UTF-8 using your editor or another tool


! Package inputenc Error: Invalid UTF-8 byte sequence.

See the inputenc package documentation for explanation.
Type  H <return>  for immediate help.
 ...                                              
                                                  
l.95 	// Division de chaque √©l√©ments 
                                       de la ligne q de matrice A & B: "norm...

The document does not appear to be in UTF-8 encoding.
Try adding \UseRawInputEncoding as the first line of the file
or specify an encoding such as \usepackage [latin1]{inputenc}
in the document preamble.
Alternatively, save the file in UTF-8 using your editor or another tool

File: ./img/prepisima.png Graphic file (type png)
<use ./img/prepisima.png>
Package pdftex.def Info: ./img/prepisima.png  used on input line 137.
(pdftex.def)             Requested size: 56.6148pt x 13.30046pt.
[16]

! Package inputenc Error: Invalid UTF-8 byte sequence.

See the inputenc package documentation for explanation.
Type  H <return>  for immediate help.
 ...                                              
                                                  
l.141 ... < n; i++) 							//test de l'√©xistence 
                                                  du prochain pivot
The document does not appear to be in UTF-8 encoding.
Try adding \UseRawInputEncoding as the first line of the file
or specify an encoding such as \usepackage [latin1]{inputenc}
in the document preamble.
Alternatively, save the file in UTF-8 using your editor or another tool


! Package inputenc Error: Invalid UTF-8 byte "A9.

See the inputenc package documentation for explanation.
Type  H <return>  for immediate help.
 ...                                              
                                                  
l.141 ... < n; i++) 							//test de l'√©xistence 
                                                  du prochain pivot
The document does not appear to be in UTF-8 encoding.
Try adding \UseRawInputEncoding as the first line of the file
or specify an encoding such as \usepackage [latin1]{inputenc}
in the document preamble.
Alternatively, save the file in UTF-8 using your editor or another tool


! Package inputenc Error: Invalid UTF-8 byte sequence.

See the inputenc package documentation for explanation.
Type  H <return>  for immediate help.
 ...                                              
                                                  
l.149 			q = i;											//r√©cup√©ration 
                                           de la ligne du prochain pivot(tro...

The document does not appear to be in UTF-8 encoding.
Try adding \UseRawInputEncoding as the first line of the file
or specify an encoding such as \usepackage [latin1]{inputenc}
in the document preamble.
Alternatively, save the file in UTF-8 using your editor or another tool


! Package inputenc Error: Invalid UTF-8 byte "A9.

See the inputenc package documentation for explanation.
Type  H <return>  for immediate help.
 ...                                              
                                                  
l.149 			q = i;											//r√©cup√©ration 
                                           de la ligne du prochain pivot(tro...

The document does not appear to be in UTF-8 encoding.
Try adding \UseRawInputEncoding as the first line of the file
or specify an encoding such as \usepackage [latin1]{inputenc}
in the document preamble.
Alternatively, save the file in UTF-8 using your editor or another tool


! Package inputenc Error: Invalid UTF-8 byte sequence.

See the inputenc package documentation for explanation.
Type  H <return>  for immediate help.
 ...                                              
                                                  
l.149 			q = i;											//r√©cup√©ration 
                                           de la ligne du prochain pivot(tro...

The document does not appear to be in UTF-8 encoding.
Try adding \UseRawInputEncoding as the first line of the file
or specify an encoding such as \usepackage [latin1]{inputenc}
in the document preamble.
Alternatively, save the file in UTF-8 using your editor or another tool


! Package inputenc Error: Invalid UTF-8 byte "A9.

See the inputenc package documentation for explanation.
Type  H <return>  for immediate help.
 ...                                              
                                                  
l.149 			q = i;											//r√©cup√©ration 
                                           de la ligne du prochain pivot(tro...

The document does not appear to be in UTF-8 encoding.
Try adding \UseRawInputEncoding as the first line of the file
or specify an encoding such as \usepackage [latin1]{inputenc}
in the document preamble.
Alternatively, save the file in UTF-8 using your editor or another tool


! Package inputenc Error: Invalid UTF-8 byte sequence.

See the inputenc package documentation for explanation.
Type  H <return>  for immediate help.
 ...                                              
                                                  
l.149 ...on de la ligne du prochain pivot(trouv√© 
                                                  avec le teste)
The document does not appear to be in UTF-8 encoding.
Try adding \UseRawInputEncoding as the first line of the file
or specify an encoding such as \usepackage [latin1]{inputenc}
in the document preamble.
Alternatively, save the file in UTF-8 using your editor or another tool


! Package inputenc Error: Invalid UTF-8 byte "A9.

See the inputenc package documentation for explanation.
Type  H <return>  for immediate help.
 ...                                              
                                                  
l.149 ...on de la ligne du prochain pivot(trouv√© 
                                                  avec le teste)
The document does not appear to be in UTF-8 encoding.
Try adding \UseRawInputEncoding as the first line of the file
or specify an encoding such as \usepackage [latin1]{inputenc}
in the document preamble.
Alternatively, save the file in UTF-8 using your editor or another tool


! Package inputenc Error: Invalid UTF-8 byte sequence.

See the inputenc package documentation for explanation.
Type  H <return>  for immediate help.
 ...                                              
                                                  
l.153 ...i = k+1; i < n; i++)						//√©limination 
                                                  des valeurs sous le pivot
The document does not appear to be in UTF-8 encoding.
Try adding \UseRawInputEncoding as the first line of the file
or specify an encoding such as \usepackage [latin1]{inputenc}
in the document preamble.
Alternatively, save the file in UTF-8 using your editor or another tool


! Package inputenc Error: Invalid UTF-8 byte "A9.

See the inputenc package documentation for explanation.
Type  H <return>  for immediate help.
 ...                                              
                                                  
l.153 ...i = k+1; i < n; i++)						//√©limination 
                                                  des valeurs sous le pivot
The document does not appear to be in UTF-8 encoding.
Try adding \UseRawInputEncoding as the first line of the file
or specify an encoding such as \usepackage [latin1]{inputenc}
in the document preamble.
Alternatively, save the file in UTF-8 using your editor or another tool

)
File: ./img/prepisima.png Graphic file (type png)
<use ./img/prepisima.png>
Package pdftex.def Info: ./img/prepisima.png  used on input line 928.
(pdftex.def)             Requested size: 56.6148pt x 13.30046pt.
 [17] (./prog/cholesky.c

! Package inputenc Error: Invalid UTF-8 byte sequence.

See the inputenc package documentation for explanation.
Type  H <return>  for immediate help.
 ...                                              
                                                  
l.22       printf("La matrice n'est pas d√©finie 
                                                 positive\n");
The document does not appear to be in UTF-8 encoding.
Try adding \UseRawInputEncoding as the first line of the file
or specify an encoding such as \usepackage [latin1]{inputenc}
in the document preamble.
Alternatively, save the file in UTF-8 using your editor or another tool


! Package inputenc Error: Invalid UTF-8 byte "A9.

See the inputenc package documentation for explanation.
Type  H <return>  for immediate help.
 ...                                              
                                                  
l.22       printf("La matrice n'est pas d√©finie 
                                                 positive\n");
The document does not appear to be in UTF-8 encoding.
Try adding \UseRawInputEncoding as the first line of the file
or specify an encoding such as \usepackage [latin1]{inputenc}
in the document preamble.
Alternatively, save the file in UTF-8 using your editor or another tool

File: ./img/prepisima.png Graphic file (type png)
<use ./img/prepisima.png>
Package pdftex.def Info: ./img/prepisima.png  used on input line 72.
(pdftex.def)             Requested size: 56.6148pt x 13.30046pt.
[18

]

! Package inputenc Error: Invalid UTF-8 byte sequence.

See the inputenc package documentation for explanation.
Type  H <return>  for immediate help.
 ...                                              
                                                  
l.123   printf("nb it√©ration:
                               %d\n", nbtours);
The document does not appear to be in UTF-8 encoding.
Try adding \UseRawInputEncoding as the first line of the file
or specify an encoding such as \usepackage [latin1]{inputenc}
in the document preamble.
Alternatively, save the file in UTF-8 using your editor or another tool


! Package inputenc Error: Invalid UTF-8 byte "A9.

See the inputenc package documentation for explanation.
Type  H <return>  for immediate help.
 ...                                              
                                                  
l.123   printf("nb it√©ration:
                               %d\n", nbtours);
The document does not appear to be in UTF-8 encoding.
Try adding \UseRawInputEncoding as the first line of the file
or specify an encoding such as \usepackage [latin1]{inputenc}
in the document preamble.
Alternatively, save the file in UTF-8 using your editor or another tool

)
File: ./img/prepisima.png Graphic file (type png)
<use ./img/prepisima.png>
Package pdftex.def Info: ./img/prepisima.png  used on input line 936.
(pdftex.def)             Requested size: 56.6148pt x 13.30046pt.
 [19] (./prog/jacobi.c
File: ./img/prepisima.png Graphic file (type png)
<use ./img/prepisima.png>
Package pdftex.def Info: ./img/prepisima.png  used on input line 72.
(pdftex.def)             Requested size: 56.6148pt x 13.30046pt.
 [20

])
File: ./img/prepisima.png Graphic file (type png)
<use ./img/prepisima.png>
Package pdftex.def Info: ./img/prepisima.png  used on input line 944.
(pdftex.def)             Requested size: 56.6148pt x 13.30046pt.
 [21] (./prog/gauss_seidel.c
File: ./img/prepisima.png Graphic file (type png)
<use ./img/prepisima.png>
Package pdftex.def Info: ./img/prepisima.png  used on input line 72.
(pdftex.def)             Requested size: 56.6148pt x 13.30046pt.
 [22

])
File: ./img/prepisima.png Graphic file (type png)
<use ./img/prepisima.png>
Package pdftex.def Info: ./img/prepisima.png  used on input line 953.
(pdftex.def)             Requested size: 56.6148pt x 13.30046pt.
 [23]
(./rapport.aux) ) 
Here is how much of TeX's memory you used:
 7187 strings out of 483183
 96777 string characters out of 5966292
 773078 words of memory out of 5000000
 22047 multiletter control sequences out of 15000+600000
 551471 words of font info for 66 fonts, out of 8000000 for 9000
 14 hyphenation exceptions out of 8191
 38i,17n,51p,383b,1868s stack positions out of 5000i,500n,10000p,200000b,80000s
 </home/drfailer/.texlive2019/texmf-var/fonts/pk/ljfour/jknapp
en/ec/ectt0800.375pk> </home/drfailer/.texlive2019/texmf-var/fonts/pk/ljfour/jk
nappen/ec/ecbx0700.600pk>{/usr/share/texmf/fonts/enc/dvips/cm-super/cm-super-t1
.enc}{/usr/share/texmf/fonts/enc/dvips/cm-super/cm-super-ts1.enc} </home/drfail
er/.texlive2019/texmf-var/fonts/pk/ljfour/jknappen/ec/ectt0800.600pk> </home/dr
failer/.texlive2019/texmf-var/fonts/pk/ljfour/jknappen/ec/ecrm0500.600pk> </hom
e/drfailer/.texlive2019/texmf-var/fonts/pk/ljfour/jknappen/ec/ecbx1200.600pk> <
/home/drfailer/.texlive2019/texmf-var/fonts/pk/ljfour/jknappen/ec/ecbx1440.600p
k> </home/drfailer/.texlive2019/texmf-var/fonts/pk/ljfour/jknappen/ec/ecti1200.
600pk> </home/drfailer/.texlive2019/texmf-var/fonts/pk/ljfour/jknappen/ec/ecrm1
200.600pk> </home/drfailer/.texlive2019/texmf-var/fonts/pk/ljfour/jknappen/ec/e
cbx2074.600pk> </home/drfailer/.texlive2019/texmf-var/fonts/pk/ljfour/jknappen/
ec/eccc1728.600pk></usr/share/texlive/texmf-dist/fonts/type1/public/amsfonts/cm
/cmex10.pfb></usr/share/texlive/texmf-dist/fonts/type1/public/amsfonts/cmextra/
cmex7.pfb></usr/share/texlive/texmf-dist/fonts/type1/public/amsfonts/cmextra/cm
ex8.pfb></usr/share/texlive/texmf-dist/fonts/type1/public/amsfonts/cm/cmmi10.pf
b></usr/share/texlive/texmf-dist/fonts/type1/public/amsfonts/cm/cmmi5.pfb></usr
/share/texlive/texmf-dist/fonts/type1/public/amsfonts/cm/cmmi6.pfb></usr/share/
texlive/texmf-dist/fonts/type1/public/amsfonts/cm/cmmi7.pfb></usr/share/texlive
/texmf-dist/fonts/type1/public/amsfonts/cm/cmmi8.pfb></usr/share/texlive/texmf-
dist/fonts/type1/public/amsfonts/cm/cmr10.pfb></usr/share/texlive/texmf-dist/fo
nts/type1/public/amsfonts/cm/cmr5.pfb></usr/share/texlive/texmf-dist/fonts/type
1/public/amsfonts/cm/cmr6.pfb></usr/share/texlive/texmf-dist/fonts/type1/public
/amsfonts/cm/cmr7.pfb></usr/share/texlive/texmf-dist/fonts/type1/public/amsfont
s/cm/cmr8.pfb></usr/share/texlive/texmf-dist/fonts/type1/public/amsfonts/cm/cms
y10.pfb></usr/share/texlive/texmf-dist/fonts/type1/public/amsfonts/cm/cmsy5.pfb
></usr/share/texlive/texmf-dist/fonts/type1/public/amsfonts/cm/cmsy6.pfb></usr/
share/texlive/texmf-dist/fonts/type1/public/amsfonts/cm/cmsy7.pfb></usr/share/t
exlive/texmf-dist/fonts/type1/public/amsfonts/cm/cmsy8.pfb></usr/share/texlive/
texmf-dist/fonts/type1/public/amsfonts/symbols/msam10.pfb></usr/share/texmf/fon
ts/type1/public/cm-super/sfbx1000.pfb></usr/share/texmf/fonts/type1/public/cm-s
uper/sfcc1000.pfb></usr/share/texmf/fonts/type1/public/cm-super/sfrm1000.pfb></
usr/share/texmf/fonts/type1/public/cm-super/sfti1000.pfb>
Output written on rapport.pdf (24 pages, 622848 bytes).
PDF statistics:
 458 PDF objects out of 1000 (max. 8388607)
 168 compressed objects within 2 object streams
 0 named destinations out of 1000 (max. 500000)
 101 words of extra memory for PDF output out of 10000 (max. 10000000)

